<?xml version="1.0" encoding="UTF-8"?>
<!-- Generated by org.testng.reporters.JUnitXMLReporter -->
<testsuite ignored="0" hostname="DESKTOP-4SJACL6" failures="0" tests="1" name="SanityTest" time="2.51" errors="0" timestamp="2024-07-30T14:10:51 EDT">
  <testcase classname="com.naveenautomationSauceLab.TestBase.TestBase" name="@BeforeMethod setup" time="2.439">
    <failure type="org.openqa.selenium.SessionNotCreatedException" message="Could not start a new session. Response code 404. Message: Misconfigured -- Unsupported OS/browser/version/device combo: OS: &amp;apos;version&amp;apos;, Browser: &amp;apos;googlechrome&amp;apos;, Version: &amp;apos;platform.&amp;apos;, Device: &amp;apos;unspecified&amp;apos; 
Host info: host: &amp;apos;DESKTOP-4SJACL6&amp;apos;, ip: &amp;apos;192.168.144.1&amp;apos;
Build info: version: &amp;apos;4.8.1&amp;apos;, revision: &amp;apos;8ebccac989&amp;apos;
System info: os.name: &amp;apos;Windows 10&amp;apos;, os.arch: &amp;apos;amd64&amp;apos;, os.version: &amp;apos;10.0&amp;apos;, java.version: &amp;apos;17.0.11&amp;apos;
Driver info: org.openqa.selenium.remote.RemoteWebDriver
Command: [null, newSession {capabilities=[Capabilities {browserName: chrome, browserVersion: platform, goog:chromeOptions: {args: [], extensions: []}, platformName: version}], desiredCapabilities=Capabilities {browserName: chrome, browserVersion: platform, goog:chromeOptions: {args: [], extensions: []}, platformName: version}}]
Capabilities {browserName: chrome, browserVersion: platform, goog:chromeOptions: {args: [], extensions: []}, platformName: version}">
      <![CDATA[org.openqa.selenium.SessionNotCreatedException: Could not start a new session. Response code 404. Message: Misconfigured -- Unsupported OS/browser/version/device combo: OS: 'version', Browser: 'googlechrome', Version: 'platform.', Device: 'unspecified' 
Host info: host: 'DESKTOP-4SJACL6', ip: '192.168.144.1'
Build info: version: '4.8.1', revision: '8ebccac989'
System info: os.name: 'Windows 10', os.arch: 'amd64', os.version: '10.0', java.version: '17.0.11'
Driver info: org.openqa.selenium.remote.RemoteWebDriver
Command: [null, newSession {capabilities=[Capabilities {browserName: chrome, browserVersion: platform, goog:chromeOptions: {args: [], extensions: []}, platformName: version}], desiredCapabilities=Capabilities {browserName: chrome, browserVersion: platform, goog:chromeOptions: {args: [], extensions: []}, platformName: version}}]
Capabilities {browserName: chrome, browserVersion: platform, goog:chromeOptions: {args: [], extensions: []}, platformName: version}
at org.openqa.selenium.remote.ProtocolHandshake.createSession(ProtocolHandshake.java:148)
at org.openqa.selenium.remote.ProtocolHandshake.createSession(ProtocolHandshake.java:106)
at org.openqa.selenium.remote.ProtocolHandshake.createSession(ProtocolHandshake.java:67)
at org.openqa.selenium.remote.HttpCommandExecutor.execute(HttpCommandExecutor.java:156)
at org.openqa.selenium.remote.TracedCommandExecutor.execute(TracedCommandExecutor.java:51)
at org.openqa.selenium.remote.RemoteWebDriver.execute(RemoteWebDriver.java:543)
at org.openqa.selenium.remote.RemoteWebDriver.startSession(RemoteWebDriver.java:229)
at org.openqa.selenium.remote.RemoteWebDriver.<init>(RemoteWebDriver.java:157)
at org.openqa.selenium.remote.RemoteWebDriver.<init>(RemoteWebDriver.java:139)
at com.naveenautomationSauceLab.TestBase.TestBase.setup(TestBase.java:44)
at java.base/java.util.ArrayList.forEach(ArrayList.java:1511)
... Removed 31 stack frames]]>
    </failure>
  </testcase> <!-- @BeforeMethod setup -->
  <testcase classname="com.naveenautomationSauceLab.TestBase.TestBase" name="@AfterMethod closeBrowser" time="0.0">
    <skipped/>
  </testcase> <!-- @AfterMethod closeBrowser -->
  <testcase classname="sauceLabTest.SauceLabNaveenAutomation" name="validateLogin" time="0.0">
    <skipped/>
  </testcase> <!-- validateLogin -->
</testsuite> <!-- SanityTest -->
